<?xml version="1.0" encoding="UTF-8"?>
<robot generator="Robot 7.3.2 (Python 3.13.2 on win32)" generated="2025-11-15T18:15:06.800421" rpa="false" schemaversion="5">
<suite id="s1" name="Tests" source="C:\Users\Aku\Documents\GitHub\palautusrepositorio\viikko3\login\src\tests">
<suite id="s1-s1" name="Home" source="C:\Users\Aku\Documents\GitHub\palautusrepositorio\viikko3\login\src\tests\home.robot">
<kw name="Open And Configure Browser" owner="resource" type="SETUP">
<if>
<branch type="IF" condition="$BROWSER == 'chrome'">
<kw name="Evaluate" owner="BuiltIn">
<msg time="2025-11-15T18:15:07.358271" level="INFO">${options} = &lt;selenium.webdriver.chrome.options.Options object at 0x000002BAA61E2660&gt;</msg>
<var>${options}</var>
<arg>sys.modules['selenium.webdriver'].ChromeOptions()</arg>
<arg>sys</arg>
<doc>Evaluates the given expression in Python and returns the result.</doc>
<status status="PASS" start="2025-11-15T18:15:07.357709" elapsed="0.000600"/>
</kw>
<kw name="Call Method" owner="BuiltIn">
<arg>${options}</arg>
<arg>add_argument</arg>
<arg>--incognito</arg>
<doc>Calls the named method of the given object with the provided arguments.</doc>
<status status="PASS" start="2025-11-15T18:15:07.358682" elapsed="0.000155"/>
</kw>
<status status="PASS" start="2025-11-15T18:15:07.356377" elapsed="0.002514"/>
</branch>
<branch type="ELSE IF" condition="$BROWSER == 'firefox'">
<kw name="Evaluate" owner="BuiltIn">
<var>${options}</var>
<arg>sys.modules['selenium.webdriver'].FirefoxOptions()</arg>
<arg>sys</arg>
<doc>Evaluates the given expression in Python and returns the result.</doc>
<status status="NOT RUN" start="2025-11-15T18:15:07.359023" elapsed="0.000023"/>
</kw>
<kw name="Call Method" owner="BuiltIn">
<arg>${options}</arg>
<arg>add_argument</arg>
<arg>--private-window</arg>
<doc>Calls the named method of the given object with the provided arguments.</doc>
<status status="NOT RUN" start="2025-11-15T18:15:07.359121" elapsed="0.000022"/>
</kw>
<status status="NOT RUN" start="2025-11-15T18:15:07.358935" elapsed="0.000246"/>
</branch>
<status status="PASS" start="2025-11-15T18:15:07.356325" elapsed="0.002888"/>
</if>
<if>
<branch type="IF" condition="$HEADLESS == 'true'">
<kw name="Set Selenium Speed" owner="SeleniumLibrary">
<arg>0.05 seconds</arg>
<doc>Sets the delay that is waited after each Selenium command.</doc>
<status status="NOT RUN" start="2025-11-15T18:15:07.359426" elapsed="0.000023"/>
</kw>
<kw name="Call Method" owner="BuiltIn">
<arg>${options}</arg>
<arg>add_argument</arg>
<arg>--headless</arg>
<doc>Calls the named method of the given object with the provided arguments.</doc>
<status status="NOT RUN" start="2025-11-15T18:15:07.359520" elapsed="0.000024"/>
</kw>
<status status="NOT RUN" start="2025-11-15T18:15:07.359265" elapsed="0.000324"/>
</branch>
<branch type="ELSE">
<kw name="Set Selenium Speed" owner="SeleniumLibrary">
<arg>${DELAY}</arg>
<doc>Sets the delay that is waited after each Selenium command.</doc>
<status status="PASS" start="2025-11-15T18:15:07.359721" elapsed="0.000271"/>
</kw>
<status status="PASS" start="2025-11-15T18:15:07.359642" elapsed="0.000394"/>
</branch>
<status status="PASS" start="2025-11-15T18:15:07.359251" elapsed="0.000815"/>
</if>
<kw name="Open Browser" owner="SeleniumLibrary">
<msg time="2025-11-15T18:15:07.360423" level="INFO">Opening browser 'chrome' to base url 'None'.</msg>
<arg>browser=${BROWSER}</arg>
<arg>options=${options}</arg>
<doc>Opens a new browser instance to the optional ``url``.</doc>
<status status="PASS" start="2025-11-15T18:15:07.360164" elapsed="5.403808"/>
</kw>
<status status="PASS" start="2025-11-15T18:15:07.355720" elapsed="5.408458"/>
</kw>
<test id="s1-s1-t1" name="Click Login Link" line="8">
<kw name="Reset Application And Go To Starting Page" type="SETUP">
<kw name="Reset Application" owner="AppLibrary">
<status status="PASS" start="2025-11-15T18:15:12.766213" elapsed="2.059921"/>
</kw>
<kw name="Go To Starting Page" owner="resource">
<kw name="Go To" owner="SeleniumLibrary">
<msg time="2025-11-15T18:15:14.827156" level="INFO">Opening url 'http://localhost:5001'</msg>
<arg>${HOME_URL}</arg>
<doc>Navigates the current browser window to the provided ``url``.</doc>
<status status="PASS" start="2025-11-15T18:15:14.826900" elapsed="0.891876"/>
</kw>
<status status="PASS" start="2025-11-15T18:15:14.826501" elapsed="0.892601"/>
</kw>
<status status="PASS" start="2025-11-15T18:15:12.765719" elapsed="2.953531"/>
</kw>
<kw name="Click Link" owner="SeleniumLibrary">
<msg time="2025-11-15T18:15:15.720782" level="INFO">Clicking link 'Login'.</msg>
<arg>Login</arg>
<doc>Clicks a link identified by ``locator``.</doc>
<status status="PASS" start="2025-11-15T18:15:15.719978" elapsed="1.707801"/>
</kw>
<kw name="Login Page Should Be Open" owner="resource">
<kw name="Title Should Be" owner="SeleniumLibrary">
<msg time="2025-11-15T18:15:17.939788" level="INFO">Page title is 'Login'.</msg>
<arg>Login</arg>
<doc>Verifies that the current page title equals ``title``.</doc>
<status status="PASS" start="2025-11-15T18:15:17.429423" elapsed="0.510637"/>
</kw>
<status status="PASS" start="2025-11-15T18:15:17.428958" elapsed="0.511358"/>
</kw>
<status status="PASS" start="2025-11-15T18:15:12.764308" elapsed="5.176502"/>
</test>
<test id="s1-s1-t2" name="Click Register Link" line="12">
<kw name="Reset Application And Go To Starting Page" type="SETUP">
<kw name="Reset Application" owner="AppLibrary">
<status status="PASS" start="2025-11-15T18:15:17.943119" elapsed="2.059178"/>
</kw>
<kw name="Go To Starting Page" owner="resource">
<kw name="Go To" owner="SeleniumLibrary">
<msg time="2025-11-15T18:15:20.003355" level="INFO">Opening url 'http://localhost:5001'</msg>
<arg>${HOME_URL}</arg>
<doc>Navigates the current browser window to the provided ``url``.</doc>
<status status="PASS" start="2025-11-15T18:15:20.003163" elapsed="0.868363"/>
</kw>
<status status="PASS" start="2025-11-15T18:15:20.002796" elapsed="0.868948"/>
</kw>
<status status="PASS" start="2025-11-15T18:15:17.942805" elapsed="2.929004"/>
</kw>
<kw name="Click Link" owner="SeleniumLibrary">
<msg time="2025-11-15T18:15:20.872960" level="INFO">Clicking link 'Register new user'.</msg>
<arg>Register new user</arg>
<doc>Clicks a link identified by ``locator``.</doc>
<status status="PASS" start="2025-11-15T18:15:20.872401" elapsed="1.701383"/>
</kw>
<kw name="Register Page Should Be Open" owner="resource">
<kw name="Title Should Be" owner="SeleniumLibrary">
<msg time="2025-11-15T18:15:23.083318" level="INFO">Page title is 'Register'.</msg>
<arg>Register</arg>
<doc>Verifies that the current page title equals ``title``.</doc>
<status status="PASS" start="2025-11-15T18:15:22.574794" elapsed="0.508907"/>
</kw>
<status status="PASS" start="2025-11-15T18:15:22.574432" elapsed="0.509528"/>
</kw>
<status status="PASS" start="2025-11-15T18:15:17.942094" elapsed="5.142738"/>
</test>
<kw name="Close Browser" owner="SeleniumLibrary" type="TEARDOWN">
<doc>Closes the current browser.</doc>
<status status="PASS" start="2025-11-15T18:15:23.086306" elapsed="2.720849"/>
</kw>
<status status="PASS" start="2025-11-15T18:15:06.842556" elapsed="18.964837"/>
</suite>
<suite id="s1-s2" name="Login" source="C:\Users\Aku\Documents\GitHub\palautusrepositorio\viikko3\login\src\tests\login.robot">
<kw name="Open And Configure Browser" owner="resource" type="SETUP">
<if>
<branch type="IF" condition="$BROWSER == 'chrome'">
<kw name="Evaluate" owner="BuiltIn">
<msg time="2025-11-15T18:15:25.824876" level="INFO">${options} = &lt;selenium.webdriver.chrome.options.Options object at 0x000002BAA5B85F90&gt;</msg>
<var>${options}</var>
<arg>sys.modules['selenium.webdriver'].ChromeOptions()</arg>
<arg>sys</arg>
<doc>Evaluates the given expression in Python and returns the result.</doc>
<status status="PASS" start="2025-11-15T18:15:25.824538" elapsed="0.000377"/>
</kw>
<kw name="Call Method" owner="BuiltIn">
<arg>${options}</arg>
<arg>add_argument</arg>
<arg>--incognito</arg>
<doc>Calls the named method of the given object with the provided arguments.</doc>
<status status="PASS" start="2025-11-15T18:15:25.825038" elapsed="0.000127"/>
</kw>
<status status="PASS" start="2025-11-15T18:15:25.824199" elapsed="0.001359"/>
</branch>
<branch type="ELSE IF" condition="$BROWSER == 'firefox'">
<kw name="Evaluate" owner="BuiltIn">
<var>${options}</var>
<arg>sys.modules['selenium.webdriver'].FirefoxOptions()</arg>
<arg>sys</arg>
<doc>Evaluates the given expression in Python and returns the result.</doc>
<status status="NOT RUN" start="2025-11-15T18:15:25.825726" elapsed="0.000028"/>
</kw>
<kw name="Call Method" owner="BuiltIn">
<arg>${options}</arg>
<arg>add_argument</arg>
<arg>--private-window</arg>
<doc>Calls the named method of the given object with the provided arguments.</doc>
<status status="NOT RUN" start="2025-11-15T18:15:25.825848" elapsed="0.000026"/>
</kw>
<status status="NOT RUN" start="2025-11-15T18:15:25.825612" elapsed="0.000304"/>
</branch>
<status status="PASS" start="2025-11-15T18:15:25.824164" elapsed="0.001787"/>
</if>
<if>
<branch type="IF" condition="$HEADLESS == 'true'">
<kw name="Set Selenium Speed" owner="SeleniumLibrary">
<arg>0.05 seconds</arg>
<doc>Sets the delay that is waited after each Selenium command.</doc>
<status status="NOT RUN" start="2025-11-15T18:15:25.826206" elapsed="0.000027"/>
</kw>
<kw name="Call Method" owner="BuiltIn">
<arg>${options}</arg>
<arg>add_argument</arg>
<arg>--headless</arg>
<doc>Calls the named method of the given object with the provided arguments.</doc>
<status status="NOT RUN" start="2025-11-15T18:15:25.826318" elapsed="0.000026"/>
</kw>
<status status="NOT RUN" start="2025-11-15T18:15:25.826017" elapsed="0.000386"/>
</branch>
<branch type="ELSE">
<kw name="Set Selenium Speed" owner="SeleniumLibrary">
<arg>${DELAY}</arg>
<doc>Sets the delay that is waited after each Selenium command.</doc>
<status status="PASS" start="2025-11-15T18:15:25.826520" elapsed="0.000259"/>
</kw>
<status status="PASS" start="2025-11-15T18:15:25.826437" elapsed="0.000387"/>
</branch>
<status status="PASS" start="2025-11-15T18:15:25.826000" elapsed="0.000857"/>
</if>
<kw name="Open Browser" owner="SeleniumLibrary">
<msg time="2025-11-15T18:15:25.827178" level="INFO">Opening browser 'chrome' to base url 'None'.</msg>
<arg>browser=${BROWSER}</arg>
<arg>options=${options}</arg>
<doc>Opens a new browser instance to the optional ``url``.</doc>
<status status="PASS" start="2025-11-15T18:15:25.826952" elapsed="1.307808"/>
</kw>
<status status="PASS" start="2025-11-15T18:15:25.823933" elapsed="1.311146"/>
</kw>
<test id="s1-s2-t1" name="Login With Correct Credentials" line="8">
<kw name="Reset Application Create User And Go To Login Page" type="SETUP">
<kw name="Reset Application" owner="AppLibrary">
<status status="PASS" start="2025-11-15T18:15:27.137313" elapsed="2.059065"/>
</kw>
<kw name="Create User" owner="AppLibrary">
<arg>kalle</arg>
<arg>kalle123</arg>
<status status="PASS" start="2025-11-15T18:15:29.196641" elapsed="4.128877"/>
</kw>
<kw name="Go To Login Page" owner="resource">
<kw name="Go To" owner="SeleniumLibrary">
<msg time="2025-11-15T18:15:33.326648" level="INFO">Opening url 'http://localhost:5001/login'</msg>
<arg>${LOGIN_URL}</arg>
<doc>Navigates the current browser window to the provided ``url``.</doc>
<status status="PASS" start="2025-11-15T18:15:33.326352" elapsed="0.869674"/>
</kw>
<status status="PASS" start="2025-11-15T18:15:33.325932" elapsed="0.870414"/>
</kw>
<status status="PASS" start="2025-11-15T18:15:27.136502" elapsed="7.059988"/>
</kw>
<kw name="Set Username">
<kw name="Input Text" owner="SeleniumLibrary">
<msg time="2025-11-15T18:15:34.198560" level="INFO">Typing text 'kalle' into text field 'username'.</msg>
<arg>username</arg>
<arg>${username}</arg>
<doc>Types the given ``text`` into the text field identified by ``locator``.</doc>
<status status="PASS" start="2025-11-15T18:15:34.198149" elapsed="1.676984"/>
</kw>
<arg>kalle</arg>
<status status="PASS" start="2025-11-15T18:15:34.197402" elapsed="1.677964"/>
</kw>
<kw name="Set Password">
<kw name="Input Password" owner="SeleniumLibrary">
<msg time="2025-11-15T18:15:35.877763" level="INFO">Typing password into text field 'password'.</msg>
<msg time="2025-11-15T18:15:36.938075" level="INFO">Temporally setting log level to: NONE</msg>
<arg>password</arg>
<arg>${password}</arg>
<doc>Types the given password into the text field identified by ``locator``.</doc>
<status status="PASS" start="2025-11-15T18:15:35.877251" elapsed="1.650055"/>
</kw>
<arg>kalle123</arg>
<status status="PASS" start="2025-11-15T18:15:35.876450" elapsed="1.651198"/>
</kw>
<kw name="Click Button" owner="SeleniumLibrary">
<msg time="2025-11-15T18:15:37.529125" level="INFO">Clicking button 'Login'.</msg>
<arg>Login</arg>
<doc>Clicks the button identified by ``locator``.</doc>
<status status="PASS" start="2025-11-15T18:15:37.528597" elapsed="2.148313"/>
</kw>
<kw name="Login Should Succeed">
<kw name="Main Page Should Be Open" owner="resource">
<kw name="Title Should Be" owner="SeleniumLibrary">
<msg time="2025-11-15T18:15:40.192660" level="INFO">Page title is 'Ohtu Application main page'.</msg>
<arg>Ohtu Application main page</arg>
<doc>Verifies that the current page title equals ``title``.</doc>
<status status="PASS" start="2025-11-15T18:15:39.678618" elapsed="0.514369"/>
</kw>
<status status="PASS" start="2025-11-15T18:15:39.678374" elapsed="0.514836"/>
</kw>
<status status="PASS" start="2025-11-15T18:15:39.677880" elapsed="0.515431"/>
</kw>
<status status="PASS" start="2025-11-15T18:15:27.135235" elapsed="13.058585"/>
</test>
<test id="s1-s2-t2" name="Login With Incorrect Password" line="14">
<kw name="Reset Application Create User And Go To Login Page" type="SETUP">
<kw name="Reset Application" owner="AppLibrary">
<status status="PASS" start="2025-11-15T18:15:40.196776" elapsed="2.051118"/>
</kw>
<kw name="Create User" owner="AppLibrary">
<arg>kalle</arg>
<arg>kalle123</arg>
<status status="PASS" start="2025-11-15T18:15:42.248161" elapsed="4.065749"/>
</kw>
<kw name="Go To Login Page" owner="resource">
<kw name="Go To" owner="SeleniumLibrary">
<msg time="2025-11-15T18:15:46.314812" level="INFO">Opening url 'http://localhost:5001/login'</msg>
<arg>${LOGIN_URL}</arg>
<doc>Navigates the current browser window to the provided ``url``.</doc>
<status status="PASS" start="2025-11-15T18:15:46.314616" elapsed="0.541089"/>
</kw>
<status status="PASS" start="2025-11-15T18:15:46.314271" elapsed="0.541831"/>
</kw>
<status status="PASS" start="2025-11-15T18:15:40.196256" elapsed="6.660026"/>
</kw>
<kw name="Set Username">
<kw name="Input Text" owner="SeleniumLibrary">
<msg time="2025-11-15T18:15:46.857726" level="INFO">Typing text 'kalle' into text field 'username'.</msg>
<arg>username</arg>
<arg>${username}</arg>
<doc>Types the given ``text`` into the text field identified by ``locator``.</doc>
<status status="PASS" start="2025-11-15T18:15:46.857406" elapsed="1.620982"/>
</kw>
<arg>kalle</arg>
<status status="PASS" start="2025-11-15T18:15:46.856933" elapsed="1.621657"/>
</kw>
<kw name="Set Password">
<kw name="Input Password" owner="SeleniumLibrary">
<msg time="2025-11-15T18:15:48.479849" level="INFO">Typing password into text field 'password'.</msg>
<msg time="2025-11-15T18:15:49.527761" level="INFO">Temporally setting log level to: NONE</msg>
<arg>password</arg>
<arg>${password}</arg>
<doc>Types the given password into the text field identified by ``locator``.</doc>
<status status="PASS" start="2025-11-15T18:15:48.479628" elapsed="1.615757"/>
</kw>
<arg>kalle456</arg>
<status status="PASS" start="2025-11-15T18:15:48.479263" elapsed="1.616298"/>
</kw>
<kw name="Click Button" owner="SeleniumLibrary">
<msg time="2025-11-15T18:15:50.096524" level="INFO">Clicking button 'Login'.</msg>
<arg>Login</arg>
<doc>Clicks the button identified by ``locator``.</doc>
<status status="PASS" start="2025-11-15T18:15:50.096116" elapsed="2.741760"/>
</kw>
<kw name="Login Should Fail With Message">
<kw name="Login Page Should Be Open" owner="resource">
<kw name="Title Should Be" owner="SeleniumLibrary">
<msg time="2025-11-15T18:15:53.349313" level="INFO">Page title is 'Login'.</msg>
<arg>Login</arg>
<doc>Verifies that the current page title equals ``title``.</doc>
<status status="PASS" start="2025-11-15T18:15:52.839744" elapsed="0.509860"/>
</kw>
<status status="PASS" start="2025-11-15T18:15:52.839492" elapsed="0.510362"/>
</kw>
<kw name="Page Should Contain" owner="SeleniumLibrary">
<msg time="2025-11-15T18:15:54.373093" level="INFO">Current page contains text 'Invalid username or password'.</msg>
<arg>${message}</arg>
<doc>Verifies that current page contains ``text``.</doc>
<status status="PASS" start="2025-11-15T18:15:53.350180" elapsed="1.023168"/>
</kw>
<arg>Invalid username or password</arg>
<status status="PASS" start="2025-11-15T18:15:52.838949" elapsed="1.534605"/>
</kw>
<status status="PASS" start="2025-11-15T18:15:40.195073" elapsed="14.179341"/>
</test>
<test id="s1-s2-t3" name="Login With Nonexistent Username" line="20">
<kw name="Reset Application Create User And Go To Login Page" type="SETUP">
<kw name="Reset Application" owner="AppLibrary">
<status status="PASS" start="2025-11-15T18:15:54.377093" elapsed="2.036582"/>
</kw>
<kw name="Create User" owner="AppLibrary">
<arg>kalle</arg>
<arg>kalle123</arg>
<status status="PASS" start="2025-11-15T18:15:56.413909" elapsed="4.072240"/>
</kw>
<kw name="Go To Login Page" owner="resource">
<kw name="Go To" owner="SeleniumLibrary">
<msg time="2025-11-15T18:16:00.487217" level="INFO">Opening url 'http://localhost:5001/login'</msg>
<arg>${LOGIN_URL}</arg>
<doc>Navigates the current browser window to the provided ``url``.</doc>
<status status="PASS" start="2025-11-15T18:16:00.487001" elapsed="0.556140"/>
</kw>
<status status="PASS" start="2025-11-15T18:16:00.486569" elapsed="0.556883"/>
</kw>
<status status="PASS" start="2025-11-15T18:15:54.376809" elapsed="6.666804"/>
</kw>
<kw name="Set Username">
<kw name="Input Text" owner="SeleniumLibrary">
<msg time="2025-11-15T18:16:01.045129" level="INFO">Typing text 'pekka' into text field 'username'.</msg>
<arg>username</arg>
<arg>${username}</arg>
<doc>Types the given ``text`` into the text field identified by ``locator``.</doc>
<status status="PASS" start="2025-11-15T18:16:01.044888" elapsed="1.656518"/>
</kw>
<arg>pekka</arg>
<status status="PASS" start="2025-11-15T18:16:01.044457" elapsed="1.657278"/>
</kw>
<kw name="Set Password">
<kw name="Input Password" owner="SeleniumLibrary">
<msg time="2025-11-15T18:16:02.703849" level="INFO">Typing password into text field 'password'.</msg>
<msg time="2025-11-15T18:16:03.762942" level="INFO">Temporally setting log level to: NONE</msg>
<arg>password</arg>
<arg>${password}</arg>
<doc>Types the given password into the text field identified by ``locator``.</doc>
<status status="PASS" start="2025-11-15T18:16:02.703405" elapsed="1.642962"/>
</kw>
<arg>kalle123</arg>
<status status="PASS" start="2025-11-15T18:16:02.702631" elapsed="1.644101"/>
</kw>
<kw name="Click Button" owner="SeleniumLibrary">
<msg time="2025-11-15T18:16:04.348032" level="INFO">Clicking button 'Login'.</msg>
<arg>Login</arg>
<doc>Clicks the button identified by ``locator``.</doc>
<status status="PASS" start="2025-11-15T18:16:04.347459" elapsed="2.125356"/>
</kw>
<kw name="Login Should Fail With Message">
<kw name="Login Page Should Be Open" owner="resource">
<kw name="Title Should Be" owner="SeleniumLibrary">
<msg time="2025-11-15T18:16:07.108503" level="INFO">Page title is 'Login'.</msg>
<arg>Login</arg>
<doc>Verifies that the current page title equals ``title``.</doc>
<status status="PASS" start="2025-11-15T18:16:06.474204" elapsed="0.634592"/>
</kw>
<status status="PASS" start="2025-11-15T18:16:06.473969" elapsed="0.635085"/>
</kw>
<kw name="Page Should Contain" owner="SeleniumLibrary">
<msg time="2025-11-15T18:16:08.130904" level="INFO">Current page contains text 'Invalid username or password'.</msg>
<arg>${message}</arg>
<doc>Verifies that current page contains ``text``.</doc>
<status status="PASS" start="2025-11-15T18:16:07.109377" elapsed="1.021828"/>
</kw>
<arg>Invalid username or password</arg>
<status status="PASS" start="2025-11-15T18:16:06.473553" elapsed="1.657917"/>
</kw>
<status status="PASS" start="2025-11-15T18:15:54.375883" elapsed="13.756155"/>
</test>
<kw name="Close Browser" owner="SeleniumLibrary" type="TEARDOWN">
<doc>Closes the current browser.</doc>
<status status="PASS" start="2025-11-15T18:16:08.133406" elapsed="2.616912"/>
</kw>
<status status="PASS" start="2025-11-15T18:15:25.809606" elapsed="44.940848"/>
</suite>
<status status="PASS" start="2025-11-15T18:15:06.802117" elapsed="63.950087"/>
</suite>
<statistics>
<total>
<stat pass="5" fail="0" skip="0">All Tests</stat>
</total>
<tag>
</tag>
<suite>
<stat name="Tests" id="s1" pass="5" fail="0" skip="0">Tests</stat>
<stat name="Home" id="s1-s1" pass="2" fail="0" skip="0">Tests.Home</stat>
<stat name="Login" id="s1-s2" pass="3" fail="0" skip="0">Tests.Login</stat>
</suite>
</statistics>
<errors>
</errors>
</robot>
